2022-06-01 02:20:45 +08:00: Error: Connection lost: The server closed the connection.
2022-06-01 02:20:45 +08:00:     at Protocol.end (E:\nodeMysql\node_modules\mysql\lib\protocol\Protocol.js:112:13)
2022-06-01 02:20:45 +08:00:     at Socket.<anonymous> (E:\nodeMysql\node_modules\mysql\lib\Connection.js:94:28)
2022-06-01 02:20:45 +08:00:     at Socket.<anonymous> (E:\nodeMysql\node_modules\mysql\lib\Connection.js:526:10)
2022-06-01 02:20:45 +08:00:     at Socket.emit (events.js:412:35)
2022-06-01 02:20:45 +08:00:     at endReadableNT (internal/streams/readable.js:1334:12)
2022-06-01 02:20:45 +08:00:     at processTicksAndRejections (internal/process/task_queues.js:82:21) {
2022-06-01 02:20:45 +08:00:   fatal: true,
2022-06-01 02:20:45 +08:00:   code: 'PROTOCOL_CONNECTION_LOST'
2022-06-01 02:20:45 +08:00: }
2022-06-01 10:20:45 +08:00: Error: Connection lost: The server closed the connection.
2022-06-01 10:20:45 +08:00:     at Protocol.end (E:\nodeMysql\node_modules\mysql\lib\protocol\Protocol.js:112:13)
2022-06-01 10:20:45 +08:00:     at Socket.<anonymous> (E:\nodeMysql\node_modules\mysql\lib\Connection.js:94:28)
2022-06-01 10:20:45 +08:00:     at Socket.<anonymous> (E:\nodeMysql\node_modules\mysql\lib\Connection.js:526:10)
2022-06-01 10:20:45 +08:00:     at Socket.emit (events.js:412:35)
2022-06-01 10:20:45 +08:00:     at endReadableNT (internal/streams/readable.js:1334:12)
2022-06-01 10:20:45 +08:00:     at processTicksAndRejections (internal/process/task_queues.js:82:21) {
2022-06-01 10:20:45 +08:00:   fatal: true,
2022-06-01 10:20:45 +08:00:   code: 'PROTOCOL_CONNECTION_LOST'
2022-06-01 10:20:45 +08:00: }
2022-06-02 02:39:13 +08:00: Error: Connection lost: The server closed the connection.
2022-06-02 02:39:13 +08:00:     at Protocol.end (E:\nodeMysql\node_modules\mysql\lib\protocol\Protocol.js:112:13)
2022-06-02 02:39:13 +08:00:     at Socket.<anonymous> (E:\nodeMysql\node_modules\mysql\lib\Connection.js:94:28)
2022-06-02 02:39:13 +08:00:     at Socket.<anonymous> (E:\nodeMysql\node_modules\mysql\lib\Connection.js:526:10)
2022-06-02 02:39:13 +08:00:     at Socket.emit (events.js:412:35)
2022-06-02 02:39:13 +08:00:     at endReadableNT (internal/streams/readable.js:1334:12)
2022-06-02 02:39:13 +08:00:     at processTicksAndRejections (internal/process/task_queues.js:82:21) {
2022-06-02 02:39:13 +08:00:   fatal: true,
2022-06-02 02:39:13 +08:00:   code: 'PROTOCOL_CONNECTION_LOST'
2022-06-02 02:39:13 +08:00: }
2022-06-02 10:39:13 +08:00: Error: Connection lost: The server closed the connection.
2022-06-02 10:39:13 +08:00:     at Protocol.end (E:\nodeMysql\node_modules\mysql\lib\protocol\Protocol.js:112:13)
2022-06-02 10:39:13 +08:00:     at Socket.<anonymous> (E:\nodeMysql\node_modules\mysql\lib\Connection.js:94:28)
2022-06-02 10:39:13 +08:00:     at Socket.<anonymous> (E:\nodeMysql\node_modules\mysql\lib\Connection.js:526:10)
2022-06-02 10:39:13 +08:00:     at Socket.emit (events.js:412:35)
2022-06-02 10:39:13 +08:00:     at endReadableNT (internal/streams/readable.js:1334:12)
2022-06-02 10:39:13 +08:00:     at processTicksAndRejections (internal/process/task_queues.js:82:21) {
2022-06-02 10:39:13 +08:00:   fatal: true,
2022-06-02 10:39:13 +08:00:   code: 'PROTOCOL_CONNECTION_LOST'
2022-06-02 10:39:13 +08:00: }
