2022-05-31 17:32:03 +08:00: success listen at port:8001......
2022-05-31 17:32:31 +08:00: ====================================
2022-05-31 17:32:31 +08:00: 查询参数 17:32:31 -->  iPhone1351
2022-05-31 17:32:31 +08:00: ====================================
2022-05-31 17:32:31 +08:00: ====================================
2022-05-31 17:32:31 +08:00: 查询结果 17:32:31 -->  RowDataPacket {
2022-05-31 17:32:31 +08:00:   id: 20,
2022-05-31 17:32:31 +08:00:   vid: 'AAE339B2-CE73-418B-A549-E7F2DAE52C3C',
2022-05-31 17:32:31 +08:00:   token: '04e08aa5522b630d65b48c4353d50d046501a76fed35f3f9f6f7d416620fd936d1a0f2e27ce2352a97a78ba7aafbf4f2fffb125ab8dc319bf8adfc419158633f4406f3fd4e8b809873293df7c6ee6c7f3cbb1324e8b6e0b535efbb1a30b02ac407cf6-1.0.1',
2022-05-31 17:32:31 +08:00:   device_name: 'iPhone1351'
2022-05-31 17:32:31 +08:00: }
2022-05-31 17:32:31 +08:00: ====================================
2022-05-31 17:39:35 +08:00: ====================================
2022-05-31 17:39:35 +08:00: 查询参数 17:39:35 -->  iPhone1351
2022-05-31 17:39:35 +08:00: ====================================
2022-05-31 17:39:35 +08:00: ====================================
2022-05-31 17:39:35 +08:00: 查询结果 17:39:35 -->  RowDataPacket {
2022-05-31 17:39:35 +08:00:   id: 20,
2022-05-31 17:39:35 +08:00:   vid: 'AAE339B2-CE73-418B-A549-E7F2DAE52C3C',
2022-05-31 17:39:35 +08:00:   token: '04e08aa5522b630d65b48c4353d50d046501a76fed35f3f9f6f7d416620fd936d1a0f2e27ce2352a97a78ba7aafbf4f2fffb125ab8dc319bf8adfc419158633f4406f3fd4e8b809873293df7c6ee6c7f3cbb1324e8b6e0b535efbb1a30b02ac407cf6-1.0.1',
2022-05-31 17:39:35 +08:00:   device_name: 'iPhone1351'
2022-05-31 17:39:35 +08:00: }
2022-05-31 17:39:35 +08:00: ====================================
2022-05-31 17:40:36 +08:00: ====================================
2022-05-31 17:40:36 +08:00: 查询参数 17:40:36 -->  iPhone1351
2022-05-31 17:40:36 +08:00: ====================================
2022-05-31 17:40:36 +08:00: ====================================
2022-05-31 17:40:36 +08:00: 查询结果 17:40:36 -->  RowDataPacket {
2022-05-31 17:40:36 +08:00:   id: 20,
2022-05-31 17:40:36 +08:00:   vid: 'AAE339B2-CE73-418B-A549-E7F2DAE52C3C',
2022-05-31 17:40:36 +08:00:   token: '04e08aa5522b630d65b48c4353d50d046501a76fed35f3f9f6f7d416620fd936d1a0f2e27ce2352a97a78ba7aafbf4f2fffb125ab8dc319bf8adfc419158633f4406f3fd4e8b809873293df7c6ee6c7f3cbb1324e8b6e0b535efbb1a30b02ac407cf6-1.0.1',
2022-05-31 17:40:36 +08:00:   device_name: 'iPhone1351'
2022-05-31 17:40:36 +08:00: }
2022-05-31 17:40:36 +08:00: ====================================
2022-05-31 17:41:04 +08:00: ====================================
2022-05-31 17:41:04 +08:00: 查询参数 17:41:04 -->  iPhone1351
2022-05-31 17:41:04 +08:00: ====================================
2022-05-31 17:41:04 +08:00: ====================================
2022-05-31 17:41:04 +08:00: 查询结果 17:41:04 -->  RowDataPacket {
2022-05-31 17:41:04 +08:00:   id: 20,
2022-05-31 17:41:04 +08:00:   vid: 'AAE339B2-CE73-418B-A549-E7F2DAE52C3C',
2022-05-31 17:41:04 +08:00:   token: '04e08aa5522b630d65b48c4353d50d046501a76fed35f3f9f6f7d416620fd936d1a0f2e27ce2352a97a78ba7aafbf4f2fffb125ab8dc319bf8adfc419158633f4406f3fd4e8b809873293df7c6ee6c7f3cbb1324e8b6e0b535efbb1a30b02ac407cf6-1.0.1',
2022-05-31 17:41:04 +08:00:   device_name: 'iPhone1351'
2022-05-31 17:41:04 +08:00: }
2022-05-31 17:41:04 +08:00: ====================================
2022-05-31 17:41:21 +08:00: ====================================
2022-05-31 17:41:21 +08:00: 查询参数 17:41:21 -->  iPhone1351
2022-05-31 17:41:21 +08:00: ====================================
2022-05-31 17:41:21 +08:00: ====================================
2022-05-31 17:41:21 +08:00: 查询结果 17:41:21 -->  RowDataPacket {
2022-05-31 17:41:21 +08:00:   id: 20,
2022-05-31 17:41:21 +08:00:   vid: 'AAE339B2-CE73-418B-A549-E7F2DAE52C3C',
2022-05-31 17:41:21 +08:00:   token: '04e08aa5522b630d65b48c4353d50d046501a76fed35f3f9f6f7d416620fd936d1a0f2e27ce2352a97a78ba7aafbf4f2fffb125ab8dc319bf8adfc419158633f4406f3fd4e8b809873293df7c6ee6c7f3cbb1324e8b6e0b535efbb1a30b02ac407cf6-1.0.1',
2022-05-31 17:41:21 +08:00:   device_name: 'iPhone1351'
2022-05-31 17:41:21 +08:00: }
2022-05-31 17:41:21 +08:00: ====================================
2022-05-31 17:41:42 +08:00: ====================================
2022-05-31 17:41:42 +08:00: 查询参数 17:41:42 -->  iPhone1351
2022-05-31 17:41:42 +08:00: ====================================
2022-05-31 17:41:42 +08:00: ====================================
2022-05-31 17:41:42 +08:00: 查询结果 17:41:42 -->  RowDataPacket {
2022-05-31 17:41:42 +08:00:   id: 20,
2022-05-31 17:41:42 +08:00:   vid: 'AAE339B2-CE73-418B-A549-E7F2DAE52C3C',
2022-05-31 17:41:42 +08:00:   token: '04e08aa5522b630d65b48c4353d50d046501a76fed35f3f9f6f7d416620fd936d1a0f2e27ce2352a97a78ba7aafbf4f2fffb125ab8dc319bf8adfc419158633f4406f3fd4e8b809873293df7c6ee6c7f3cbb1324e8b6e0b535efbb1a30b02ac407cf6-1.0.1',
2022-05-31 17:41:42 +08:00:   device_name: 'iPhone1351'
2022-05-31 17:41:42 +08:00: }
2022-05-31 17:41:42 +08:00: ====================================
2022-05-31 17:42:41 +08:00: success listen at port:8001......
2022-05-31 18:09:23 +08:00: success listen at port:8001......
2022-05-31 18:09:47 +08:00: success listen at port:8001......
2022-05-31 18:10:29 +08:00: ====================================
2022-05-31 18:10:29 +08:00: 查询参数 18:10:29 -->  iPhone1351
2022-05-31 18:10:29 +08:00: ====================================
2022-05-31 18:10:29 +08:00: ====================================
2022-05-31 18:10:29 +08:00: 查询结果 18:10:29 -->  RowDataPacket {
2022-05-31 18:10:29 +08:00:   id: 20,
2022-05-31 18:10:29 +08:00:   vid: 'AAE339B2-CE73-418B-A549-E7F2DAE52C3C',
2022-05-31 18:10:29 +08:00:   token: '04e08aa5522b630d65b48c4353d50d046501a76fed35f3f9f6f7d416620fd936d1a0f2e27ce2352a97a78ba7aafbf4f2fffb125ab8dc319bf8adfc419158633f4406f3fd4e8b809873293df7c6ee6c7f3cbb1324e8b6e0b535efbb1a30b02ac407cf6-1.0.1',
2022-05-31 18:10:29 +08:00:   device_name: 'iPhone1351'
2022-05-31 18:10:29 +08:00: }
2022-05-31 18:10:29 +08:00: ====================================
2022-05-31 18:18:58 +08:00: ====================================
2022-05-31 18:18:58 +08:00: 查询参数 18:18:58 -->  iPhone1351
2022-05-31 18:18:58 +08:00: ====================================
2022-05-31 18:18:58 +08:00: ====================================
2022-05-31 18:18:58 +08:00: 查询结果 18:18:58 -->  RowDataPacket {
2022-05-31 18:18:58 +08:00:   id: 20,
2022-05-31 18:18:58 +08:00:   vid: 'AAE339B2-CE73-418B-A549-E7F2DAE52C3C',
2022-05-31 18:18:58 +08:00:   token: '04e08aa5522b630d65b48c4353d50d046501a76fed35f3f9f6f7d416620fd936d1a0f2e27ce2352a97a78ba7aafbf4f2fffb125ab8dc319bf8adfc419158633f4406f3fd4e8b809873293df7c6ee6c7f3cbb1324e8b6e0b535efbb1a30b02ac407cf6-1.0.1',
2022-05-31 18:18:58 +08:00:   device_name: 'iPhone1351'
2022-05-31 18:18:58 +08:00: }
2022-05-31 18:18:58 +08:00: ====================================
2022-05-31 18:20:45 +08:00: success listen at port:8001......
2022-05-31 18:21:24 +08:00: ====================================
2022-05-31 18:21:24 +08:00: 查询参数 18:21:24 -->  iPhone1351
2022-05-31 18:21:24 +08:00: ====================================
2022-05-31 18:21:24 +08:00: ====================================
2022-05-31 18:21:24 +08:00: 查询结果 18:21:24 -->  RowDataPacket {
2022-05-31 18:21:24 +08:00:   id: 20,
2022-05-31 18:21:24 +08:00:   vid: 'AAE339B2-CE73-418B-A549-E7F2DAE52C3C',
2022-05-31 18:21:24 +08:00:   token: '04e08aa5522b630d65b48c4353d50d046501a76fed35f3f9f6f7d416620fd936d1a0f2e27ce2352a97a78ba7aafbf4f2fffb125ab8dc319bf8adfc419158633f4406f3fd4e8b809873293df7c6ee6c7f3cbb1324e8b6e0b535efbb1a30b02ac407cf6-1.0.1',
2022-05-31 18:21:24 +08:00:   device_name: 'iPhone1351'
2022-05-31 18:21:24 +08:00: }
2022-05-31 18:21:24 +08:00: ====================================
2022-05-31 18:31:35 +08:00: ====================================
2022-05-31 18:31:35 +08:00: 查询参数 18:31:35 -->  iPhone1351
2022-05-31 18:31:35 +08:00: ====================================
2022-05-31 18:31:35 +08:00: ====================================
2022-05-31 18:31:35 +08:00: 查询结果 18:31:35 -->  RowDataPacket {
2022-05-31 18:31:35 +08:00:   id: 20,
2022-05-31 18:31:35 +08:00:   vid: 'AAE339B2-CE73-418B-A549-E7F2DAE52C3C',
2022-05-31 18:31:35 +08:00:   token: '04e08aa5522b630d65b48c4353d50d046501a76fed35f3f9f6f7d416620fd936d1a0f2e27ce2352a97a78ba7aafbf4f2fffb125ab8dc319bf8adfc419158633f4406f3fd4e8b809873293df7c6ee6c7f3cbb1324e8b6e0b535efbb1a30b02ac407cf6-1.0.1',
2022-05-31 18:31:35 +08:00:   device_name: 'iPhone1351'
2022-05-31 18:31:35 +08:00: }
2022-05-31 18:31:35 +08:00: ====================================
2022-05-31 18:32:00 +08:00: ====================================
2022-05-31 18:32:00 +08:00: 查询参数 18:32:00 -->  iPhone1351
2022-05-31 18:32:00 +08:00: ====================================
2022-05-31 18:32:00 +08:00: ====================================
2022-05-31 18:32:00 +08:00: 查询结果 18:32:00 -->  RowDataPacket {
2022-05-31 18:32:00 +08:00:   id: 20,
2022-05-31 18:32:00 +08:00:   vid: 'AAE339B2-CE73-418B-A549-E7F2DAE52C3C',
2022-05-31 18:32:00 +08:00:   token: '04e08aa5522b630d65b48c4353d50d046501a76fed35f3f9f6f7d416620fd936d1a0f2e27ce2352a97a78ba7aafbf4f2fffb125ab8dc319bf8adfc419158633f4406f3fd4e8b809873293df7c6ee6c7f3cbb1324e8b6e0b535efbb1a30b02ac407cf6-1.0.1',
2022-05-31 18:32:00 +08:00:   device_name: 'iPhone1351'
2022-05-31 18:32:00 +08:00: }
2022-05-31 18:32:00 +08:00: ====================================
2022-05-31 18:32:10 +08:00: ====================================
2022-05-31 18:32:10 +08:00: 查询参数 18:32:10 -->  iPhone1351
2022-05-31 18:32:10 +08:00: ====================================
2022-05-31 18:32:10 +08:00: ====================================
2022-05-31 18:32:10 +08:00: 查询结果 18:32:10 -->  RowDataPacket {
2022-05-31 18:32:10 +08:00:   id: 20,
2022-05-31 18:32:10 +08:00:   vid: 'AAE339B2-CE73-418B-A549-E7F2DAE52C3C',
2022-05-31 18:32:10 +08:00:   token: '04e08aa5522b630d65b48c4353d50d046501a76fed35f3f9f6f7d416620fd936d1a0f2e27ce2352a97a78ba7aafbf4f2fffb125ab8dc319bf8adfc419158633f4406f3fd4e8b809873293df7c6ee6c7f3cbb1324e8b6e0b535efbb1a30b02ac407cf6-1.0.1',
2022-05-31 18:32:10 +08:00:   device_name: 'iPhone1351'
2022-05-31 18:32:10 +08:00: }
2022-05-31 18:32:10 +08:00: ====================================
